<?xml version="1.0" encoding="UTF-8"?>
<coverage generated="1757531726980" clover="3.2.0">
  <project timestamp="1757531726981" name="All files">
    <metrics statements="164" coveredstatements="149" conditionals="123" coveredconditionals="74" methods="29" coveredmethods="27" elements="316" coveredelements="250" complexity="0" loc="164" ncloc="164" packages="1" files="1" classes="1"/>
    <file name="space-manager.js" path="/Users/eliot/projects/easy-spaces-dynamics365-new/src/js/space-manager.js">
      <metrics statements="164" coveredstatements="149" conditionals="123" coveredconditionals="74" methods="29" coveredmethods="27"/>
      <line num="5" count="29" type="stmt"/>
      <line num="6" count="29" type="stmt"/>
      <line num="7" count="29" type="stmt"/>
      <line num="8" count="29" type="stmt"/>
      <line num="9" count="29" type="stmt"/>
      <line num="15" count="3" type="stmt"/>
      <line num="16" count="3" type="stmt"/>
      <line num="17" count="12" type="stmt"/>
      <line num="18" count="12" type="stmt"/>
      <line num="22" count="3" type="stmt"/>
      <line num="23" count="3" type="stmt"/>
      <line num="24" count="12" type="stmt"/>
      <line num="28" count="3" type="stmt"/>
      <line num="29" count="3" type="cond" truecount="1" falsecount="1"/>
      <line num="30" count="3" type="stmt"/>
      <line num="31" count="3" type="stmt"/>
      <line num="34" count="3" type="stmt"/>
      <line num="35" count="3" type="cond" truecount="1" falsecount="1"/>
      <line num="36" count="3" type="stmt"/>
      <line num="40" count="3" type="stmt"/>
      <line num="43" count="3" type="cond" truecount="2" falsecount="0"/>
      <line num="44" count="1" type="stmt"/>
      <line num="50" count="16" type="stmt"/>
      <line num="51" count="16" type="cond" truecount="1" falsecount="1"/>
      <line num="53" count="16" type="stmt"/>
      <line num="54" count="16" type="cond" truecount="1" falsecount="1"/>
      <line num="57" count="16" type="stmt"/>
      <line num="60" count="16" type="stmt"/>
      <line num="61" count="16" type="cond" truecount="1" falsecount="1"/>
      <line num="62" count="16" type="stmt"/>
      <line num="66" count="16" type="stmt"/>
      <line num="69" count="16" type="stmt"/>
      <line num="70" count="1" type="stmt"/>
      <line num="73" count="16" type="stmt"/>
      <line num="77" count="2" type="stmt"/>
      <line num="78" count="2" type="cond" truecount="1" falsecount="1"/>
      <line num="79" count="2" type="stmt"/>
      <line num="86" count="1" type="stmt"/>
      <line num="89" count="1" type="stmt"/>
      <line num="90" count="1" type="cond" truecount="1" falsecount="1"/>
      <line num="91" count="1" type="stmt"/>
      <line num="92" count="1" type="stmt"/>
      <line num="93" count="1" type="cond" truecount="1" falsecount="1"/>
      <line num="94" count="1" type="stmt"/>
      <line num="99" count="1" type="stmt"/>
      <line num="100" count="1" type="stmt"/>
      <line num="101" count="1" type="stmt"/>
      <line num="102" count="1" type="cond" truecount="1" falsecount="1"/>
      <line num="103" count="1" type="cond" truecount="1" falsecount="1"/>
      <line num="105" count="1" type="stmt"/>
      <line num="106" count="1" type="stmt"/>
      <line num="110" count="5" type="cond" truecount="2" falsecount="0"/>
      <line num="111" count="5" type="cond" truecount="2" falsecount="0"/>
      <line num="112" count="5" type="stmt"/>
      <line num="113" count="5" type="stmt"/>
      <line num="115" count="5" type="stmt"/>
      <line num="116" count="5" type="stmt"/>
      <line num="118" count="5" type="stmt"/>
      <line num="119" count="10" type="cond" truecount="1" falsecount="1"/>
      <line num="120" count="10" type="cond" truecount="1" falsecount="1"/>
      <line num="121" count="10" type="cond" truecount="1" falsecount="1"/>
      <line num="122" count="10" type="cond" truecount="1" falsecount="1"/>
      <line num="124" count="10" type="stmt"/>
      <line num="126" count="10" type="cond" truecount="4" falsecount="0"/>
      <line num="127" count="1" type="stmt"/>
      <line num="129" count="10" type="cond" truecount="4" falsecount="0"/>
      <line num="130" count="1" type="stmt"/>
      <line num="132" count="10" type="cond" truecount="2" falsecount="0"/>
      <line num="133" count="2" type="stmt"/>
      <line num="134" count="2" type="cond" truecount="1" falsecount="1"/>
      <line num="135" count="2" type="cond" truecount="4" falsecount="0"/>
      <line num="137" count="0" type="cond" truecount="0" falsecount="2"/>
      <line num="140" count="10" type="cond" truecount="2" falsecount="0"/>
      <line num="141" count="2" type="stmt"/>
      <line num="142" count="2" type="cond" truecount="2" falsecount="0"/>
      <line num="145" count="10" type="cond" truecount="2" falsecount="0"/>
      <line num="146" count="10" type="cond" truecount="2" falsecount="0"/>
      <line num="150" count="5" type="stmt"/>
      <line num="151" count="5" type="cond" truecount="1" falsecount="1"/>
      <line num="152" count="5" type="stmt"/>
      <line num="155" count="5" type="stmt"/>
      <line num="159" count="1" type="stmt"/>
      <line num="160" count="1" type="stmt"/>
      <line num="161" count="4" type="stmt"/>
      <line num="162" count="4" type="cond" truecount="1" falsecount="1"/>
      <line num="164" count="1" type="stmt"/>
      <line num="169" count="1" type="stmt"/>
      <line num="170" count="1" type="stmt"/>
      <line num="171" count="1" type="cond" truecount="1" falsecount="1"/>
      <line num="174" count="1" type="stmt"/>
      <line num="175" count="1" type="stmt"/>
      <line num="176" count="1" type="stmt"/>
      <line num="177" count="1" type="cond" truecount="1" falsecount="1"/>
      <line num="178" count="1" type="cond" truecount="1" falsecount="1"/>
      <line num="180" count="1" type="stmt"/>
      <line num="184" count="2" type="stmt"/>
      <line num="185" count="2" type="stmt"/>
      <line num="187" count="2" type="cond" truecount="4" falsecount="0"/>
      <line num="188" count="1" type="stmt"/>
      <line num="200" count="1" type="stmt"/>
      <line num="201" count="1" type="stmt"/>
      <line num="204" count="1" type="stmt"/>
      <line num="205" count="1" type="cond" truecount="1" falsecount="1"/>
      <line num="207" count="1" type="stmt"/>
      <line num="210" count="1" type="stmt"/>
      <line num="211" count="1" type="stmt"/>
      <line num="216" count="2" type="stmt"/>
      <line num="221" count="2" type="stmt"/>
      <line num="222" count="2" type="stmt"/>
      <line num="223" count="2" type="stmt"/>
      <line num="228" count="4" type="stmt"/>
      <line num="234" count="4" type="stmt"/>
      <line num="235" count="4" type="stmt"/>
      <line num="236" count="4" type="stmt"/>
      <line num="240" count="1" type="stmt"/>
      <line num="241" count="1" type="cond" truecount="1" falsecount="1"/>
      <line num="242" count="1" type="stmt"/>
      <line num="243" count="1" type="cond" truecount="1" falsecount="1"/>
      <line num="244" count="1" type="stmt"/>
      <line num="246" count="0" type="stmt"/>
      <line num="250" count="2" type="stmt"/>
      <line num="251" count="2" type="cond" truecount="5" falsecount="1"/>
      <line num="253" count="1" type="stmt"/>
      <line num="261" count="1" type="stmt"/>
      <line num="262" count="1" type="stmt"/>
      <line num="264" count="1" type="cond" truecount="1" falsecount="1"/>
      <line num="265" count="1" type="stmt"/>
      <line num="267" count="1" type="stmt"/>
      <line num="273" count="3" type="stmt"/>
      <line num="274" count="3" type="cond" truecount="3" falsecount="1"/>
      <line num="275" count="3" type="stmt"/>
      <line num="298" count="0" type="stmt"/>
      <line num="308" count="3" type="stmt"/>
      <line num="309" count="3" type="cond" truecount="3" falsecount="1"/>
      <line num="310" count="3" type="stmt"/>
      <line num="331" count="0" type="stmt"/>
      <line num="340" count="3" type="stmt"/>
      <line num="345" count="1" type="stmt"/>
      <line num="352" count="1" type="stmt"/>
      <line num="353" count="1" type="stmt"/>
      <line num="357" count="2" type="stmt"/>
      <line num="365" count="2" type="stmt"/>
      <line num="374" count="1" type="stmt"/>
      <line num="382" count="1" type="cond" truecount="1" falsecount="1"/>
      <line num="383" count="1" type="stmt"/>
      <line num="384" count="1" type="stmt"/>
      <line num="385" count="1" type="stmt"/>
      <line num="389" count="2" type="stmt"/>
      <line num="390" count="2" type="cond" truecount="1" falsecount="1"/>
      <line num="391" count="2" type="cond" truecount="1" falsecount="1"/>
      <line num="392" count="0" type="stmt"/>
      <line num="393" count="0" type="stmt"/>
      <line num="394" count="0" type="stmt"/>
      <line num="395" count="0" type="stmt"/>
      <line num="396" count="0" type="stmt"/>
      <line num="398" count="0" type="cond" truecount="0" falsecount="4"/>
      <line num="399" count="0" type="cond" truecount="0" falsecount="4"/>
      <line num="400" count="0" type="cond" truecount="0" falsecount="4"/>
      <line num="401" count="0" type="cond" truecount="0" falsecount="4"/>
      <line num="403" count="0" type="stmt"/>
      <line num="404" count="0" type="stmt"/>
      <line num="409" count="2" type="stmt"/>
      <line num="414" count="1" type="cond" truecount="3" falsecount="1"/>
      <line num="415" count="1" type="stmt"/>
    </file>
  </project>
</coverage>
