TN:
SF:src/js/space-manager.js
FN:4,(anonymous_0)
FN:13,(anonymous_1)
FN:16,(anonymous_2)
FN:23,(anonymous_3)
FN:49,(anonymous_4)
FN:69,(anonymous_5)
FN:76,(anonymous_6)
FN:84,(anonymous_7)
FN:92,(anonymous_8)
FN:109,(anonymous_9)
FN:118,(anonymous_10)
FN:158,(anonymous_11)
FN:160,(anonymous_12)
FN:168,(anonymous_13)
FN:183,(anonymous_14)
FN:215,(anonymous_15)
FN:227,(anonymous_16)
FN:239,(anonymous_17)
FN:240,(anonymous_18)
FN:249,(anonymous_19)
FN:250,(anonymous_20)
FN:271,(anonymous_21)
FN:297,(anonymous_22)
FN:330,(anonymous_23)
FN:344,(anonymous_24)
FN:356,(anonymous_25)
FN:364,(anonymous_26)
FN:373,(anonymous_27)
FN:388,(anonymous_28)
FNF:29
FNH:27
FNDA:29,(anonymous_0)
FNDA:3,(anonymous_1)
FNDA:12,(anonymous_2)
FNDA:12,(anonymous_3)
FNDA:16,(anonymous_4)
FNDA:1,(anonymous_5)
FNDA:2,(anonymous_6)
FNDA:1,(anonymous_7)
FNDA:1,(anonymous_8)
FNDA:5,(anonymous_9)
FNDA:10,(anonymous_10)
FNDA:1,(anonymous_11)
FNDA:4,(anonymous_12)
FNDA:1,(anonymous_13)
FNDA:2,(anonymous_14)
FNDA:2,(anonymous_15)
FNDA:4,(anonymous_16)
FNDA:1,(anonymous_17)
FNDA:1,(anonymous_18)
FNDA:2,(anonymous_19)
FNDA:2,(anonymous_20)
FNDA:3,(anonymous_21)
FNDA:0,(anonymous_22)
FNDA:0,(anonymous_23)
FNDA:1,(anonymous_24)
FNDA:2,(anonymous_25)
FNDA:2,(anonymous_26)
FNDA:1,(anonymous_27)
FNDA:2,(anonymous_28)
DA:5,29
DA:6,29
DA:7,29
DA:8,29
DA:9,29
DA:15,3
DA:16,3
DA:17,12
DA:18,12
DA:22,3
DA:23,3
DA:24,12
DA:28,3
DA:29,3
DA:30,3
DA:31,3
DA:34,3
DA:35,3
DA:36,3
DA:40,3
DA:43,3
DA:44,1
DA:50,16
DA:51,16
DA:53,16
DA:54,16
DA:57,16
DA:60,16
DA:61,16
DA:62,16
DA:66,16
DA:69,16
DA:70,1
DA:73,16
DA:77,2
DA:78,2
DA:79,2
DA:86,1
DA:89,1
DA:90,1
DA:91,1
DA:92,1
DA:93,1
DA:94,1
DA:99,1
DA:100,1
DA:101,1
DA:102,1
DA:103,1
DA:105,1
DA:106,1
DA:110,5
DA:111,5
DA:112,5
DA:113,5
DA:115,5
DA:116,5
DA:118,5
DA:119,10
DA:120,10
DA:121,10
DA:122,10
DA:124,10
DA:126,10
DA:127,1
DA:129,10
DA:130,1
DA:132,10
DA:133,2
DA:134,2
DA:135,2
DA:137,0
DA:140,10
DA:141,2
DA:142,2
DA:145,10
DA:146,10
DA:150,5
DA:151,5
DA:152,5
DA:155,5
DA:159,1
DA:160,1
DA:161,4
DA:162,4
DA:164,1
DA:169,1
DA:170,1
DA:171,1
DA:174,1
DA:175,1
DA:176,1
DA:177,1
DA:178,1
DA:180,1
DA:184,2
DA:185,2
DA:187,2
DA:188,1
DA:200,1
DA:201,1
DA:204,1
DA:205,1
DA:207,1
DA:210,1
DA:211,1
DA:216,2
DA:221,2
DA:222,2
DA:223,2
DA:228,4
DA:234,4
DA:235,4
DA:236,4
DA:240,1
DA:241,1
DA:242,1
DA:243,1
DA:244,1
DA:246,0
DA:250,2
DA:251,2
DA:253,1
DA:261,1
DA:262,1
DA:264,1
DA:265,1
DA:267,1
DA:273,3
DA:274,3
DA:275,3
DA:298,0
DA:308,3
DA:309,3
DA:310,3
DA:331,0
DA:340,3
DA:345,1
DA:352,1
DA:353,1
DA:357,2
DA:365,2
DA:374,1
DA:382,1
DA:383,1
DA:384,1
DA:385,1
DA:389,2
DA:390,2
DA:391,2
DA:392,0
DA:393,0
DA:394,0
DA:395,0
DA:396,0
DA:398,0
DA:399,0
DA:400,0
DA:401,0
DA:403,0
DA:404,0
DA:409,2
DA:414,1
DA:415,1
LF:164
LH:149
BRDA:29,0,0,3
BRDA:29,0,1,0
BRDA:35,1,0,3
BRDA:35,1,1,0
BRDA:43,2,0,1
BRDA:43,2,1,2
BRDA:49,3,0,2
BRDA:51,4,0,0
BRDA:51,4,1,16
BRDA:54,5,0,0
BRDA:54,5,1,16
BRDA:61,6,0,16
BRDA:61,6,1,0
BRDA:78,7,0,2
BRDA:78,7,1,0
BRDA:90,8,0,1
BRDA:90,8,1,0
BRDA:93,9,0,1
BRDA:93,9,1,0
BRDA:102,10,0,1
BRDA:102,10,1,0
BRDA:103,11,0,1
BRDA:103,11,1,0
BRDA:110,12,0,5
BRDA:110,12,1,4
BRDA:111,13,0,5
BRDA:111,13,1,4
BRDA:119,14,0,10
BRDA:119,14,1,0
BRDA:120,15,0,10
BRDA:120,15,1,0
BRDA:121,16,0,10
BRDA:121,16,1,0
BRDA:122,17,0,10
BRDA:122,17,1,0
BRDA:126,18,0,1
BRDA:126,18,1,9
BRDA:126,19,0,10
BRDA:126,19,1,2
BRDA:129,20,0,1
BRDA:129,20,1,9
BRDA:129,21,0,10
BRDA:129,21,1,2
BRDA:132,22,0,2
BRDA:132,22,1,8
BRDA:134,23,0,2
BRDA:134,23,1,0
BRDA:135,24,0,1
BRDA:135,24,1,1
BRDA:135,25,0,2
BRDA:135,25,1,1
BRDA:137,26,0,0
BRDA:137,26,1,0
BRDA:140,27,0,2
BRDA:140,27,1,8
BRDA:142,28,0,1
BRDA:142,28,1,1
BRDA:145,29,0,6
BRDA:145,29,1,4
BRDA:146,30,0,6
BRDA:146,30,1,4
BRDA:151,31,0,5
BRDA:151,31,1,0
BRDA:162,32,0,4
BRDA:162,32,1,0
BRDA:171,33,0,1
BRDA:171,33,1,0
BRDA:177,34,0,1
BRDA:177,34,1,0
BRDA:178,35,0,1
BRDA:178,35,1,0
BRDA:187,36,0,1
BRDA:187,36,1,1
BRDA:187,37,0,2
BRDA:187,37,1,1
BRDA:205,38,0,1
BRDA:205,38,1,0
BRDA:241,39,0,1
BRDA:241,39,1,0
BRDA:243,40,0,1
BRDA:243,40,1,0
BRDA:251,41,0,1
BRDA:251,41,1,1
BRDA:251,42,0,2
BRDA:251,42,1,2
BRDA:251,43,0,2
BRDA:251,43,1,0
BRDA:264,44,0,1
BRDA:264,44,1,0
BRDA:274,45,0,3
BRDA:274,45,1,0
BRDA:274,46,0,3
BRDA:274,46,1,3
BRDA:309,47,0,3
BRDA:309,47,1,0
BRDA:309,48,0,3
BRDA:309,48,1,3
BRDA:382,49,0,1
BRDA:382,49,1,0
BRDA:390,50,0,2
BRDA:390,50,1,0
BRDA:391,51,0,0
BRDA:391,51,1,2
BRDA:398,52,0,0
BRDA:398,52,1,0
BRDA:398,53,0,0
BRDA:398,53,1,0
BRDA:399,54,0,0
BRDA:399,54,1,0
BRDA:399,55,0,0
BRDA:399,55,1,0
BRDA:400,56,0,0
BRDA:400,56,1,0
BRDA:400,57,0,0
BRDA:400,57,1,0
BRDA:401,58,0,0
BRDA:401,58,1,0
BRDA:401,59,0,0
BRDA:401,59,1,0
BRDA:414,60,0,1
BRDA:414,60,1,0
BRDA:414,61,0,1
BRDA:414,61,1,1
BRF:123
BRH:74
end_of_record
